2023/11/22 14:28:40 Time: 2023-11-22 14:28:40.4068246 +0100 CET m=+50.975338901, Method: DELETE, Path: /dictionary/delete/calo
2023/11/22 14:42:43 Time: 2023-11-22 14:42:43.3095449 +0100 CET m=+11.526019001, Method: GET, Path: /dictionary
2023/11/22 14:42:46 Time: 2023-11-22 14:42:46.3835989 +0100 CET m=+14.600073001, Method: GET, Path: /dictionary/FreddyFazbear
2023/11/22 14:42:51 Time: 2023-11-22 14:42:51.6234178 +0100 CET m=+19.839891901, Method: GET, Path: /dictionary/Variables
2023/11/22 14:43:05 Time: 2023-11-22 14:43:05.3597819 +0100 CET m=+33.576256001, Method: POST, Path: /dictionary/add
2023/11/22 14:43:07 Time: 2023-11-22 14:43:07.7079124 +0100 CET m=+35.924386501, Method: GET, Path: /dictionary
2023/11/22 14:43:11 Time: 2023-11-22 14:43:11.6923105 +0100 CET m=+39.908784601, Method: DELETE, Path: /dictionary/delete/calo
2023/11/22 14:43:20 Time: 2023-11-22 14:43:20.649017 +0100 CET m=+48.865491101, Method: DELETE, Path: /dictionary/delete/FreddyFazbear
2023/11/22 14:43:27 Time: 2023-11-22 14:43:27.7260907 +0100 CET m=+55.942564801, Method: DELETE, Path: /dictionary/delete/redede
2023/11/22 14:43:29 Time: 2023-11-22 14:43:29.7215946 +0100 CET m=+57.938068701, Method: DELETE, Path: /dictionary/delete/redede
2023/11/22 19:14:33 Time: 2023-11-22 19:14:33.6236865 +0100 CET m=+13.478898701, Method: DELETE, Path: /dictionary/delete/redede
2023/11/22 19:14:42 Time: 2023-11-22 19:14:42.6324925 +0100 CET m=+22.487704701, Method: DELETE, Path: /dictionary/delete/redede
2023/11/22 19:16:10 Time: 2023-11-22 19:16:10.105057 +0100 CET m=+109.960269201, Method: DELETE, Path: /dictionary/delete/redede
2023/11/22 19:16:25 Time: 2023-11-22 19:16:25.1654635 +0100 CET m=+125.020675701, Method: DELETE, Path: /dictionary/delete/redede
2023/11/22 19:16:28 Time: 2023-11-22 19:16:28.6910124 +0100 CET m=+128.546224601, Method: DELETE, Path: /dictionary/delete/redede
2023/11/22 19:16:39 Time: 2023-11-22 19:16:39.6292638 +0100 CET m=+139.484476001, Method: POST, Path: /dictionary/add
2023/11/22 19:16:49 Time: 2023-11-22 19:16:49.7699096 +0100 CET m=+149.625121801, Method: POST, Path: /dictionary/add
2024/01/11 10:34:35 Time: 2024-01-11 10:34:35.9020077 +0100 CET m=+110.381358101, Method: GET, Path: /dictionary, Status: 401, Duration: 0s
2024/01/11 10:37:16 Time: 2024-01-11 10:37:16.0955526 +0100 CET m=+270.574903001, Method: GET, Path: /dictionary, Status: 401, Duration: 0s
2024/01/11 10:37:23 Time: 2024-01-11 10:37:23.2124683 +0100 CET m=+277.691818701, Method: GET, Path: /dictionary, Status: 401, Duration: 0s
2024/01/11 10:38:28 Time: 2024-01-11 10:38:28.7121085 +0100 CET m=+343.191458901, Method: GET, Path: /dictionary, Status: 401, Duration: 0s
2024/01/11 10:40:46 Time: 2024-01-11 10:40:46.8949217 +0100 CET m=+17.647208401, Method: GET, Path: /dictionary, Status: 200, Duration: 529µs
2024/01/11 10:41:55 Time: 2024-01-11 10:41:55.8134115 +0100 CET m=+86.565698201, Method: GET, Path: /dictionary, Status: 200, Duration: 468.1µs
2024/01/11 10:42:06 Time: 2024-01-11 10:42:06.2314946 +0100 CET m=+96.983781301, Method: GET, Path: /dictionary/Variables, Status: 401, Duration: 0s
2024/01/11 10:42:15 Time: 2024-01-11 10:42:15.8984735 +0100 CET m=+106.650760201, Method: GET, Path: /dictionary/Variables, Status: 200, Duration: 0s
2024/01/11 10:42:40 Time: 2024-01-11 10:42:40.7157269 +0100 CET m=+131.468013601, Method: GET, Path: /dictionary/Variables, Status: 200, Duration: 853.9µs
2024/01/11 10:42:56 Time: 2024-01-11 10:42:56.9626673 +0100 CET m=+147.714954001, Method: GET, Path: /dictionary/Variables, Status: 200, Duration: 842.2µs
2024/01/11 10:43:05 Time: 2024-01-11 10:43:05.2108485 +0100 CET m=+155.963135201, Method: GET, Path: /dictionary/DDDDDDDDDDDDDDDDD, Status: 404, Duration: 973.4µs
2024/01/11 10:46:07 Time: 2024-01-11 10:46:07.0560236 +0100 CET m=+337.808310301, Method: DELETE, Path: /dictionary/delete/DDDDDDDDDDDDDDDDDDDDDD, Status: 401, Duration: 0s
2024/01/11 10:46:11 Time: 2024-01-11 10:46:11.6468306 +0100 CET m=+342.399117301, Method: DELETE, Path: /dictionary/delete/DDDDDDDDDDDDDDDDDDDDDD, Status: 500, Duration: 0s
2024/01/11 11:12:09 Time: 2024-01-11 11:12:09.0328892 +0100 CET m=+20.389387001, Method: DELETE, Path: /dictionary/delete/DDDDDDDDDDDDDDDDDDDDDD, Status: 404, Duration: 298.9µs
2024/01/11 11:12:13 Time: 2024-01-11 11:12:13.4488819 +0100 CET m=+24.805379701, Method: GET, Path: /dictionary/DDDDDDDDDDDDDDDDD, Status: 404, Duration: 770µs
2024/01/11 11:14:09 Time: 2024-01-11 11:14:09.3533329 +0100 CET m=+9.504704001, Method: GET, Path: /dictionary/DDDDDDDDDDDDDDDDD, Status: 404, Duration: 521.2µs
2024/01/11 11:15:30 Time: 2024-01-11 11:15:30.9143139 +0100 CET m=+8.496953701, Method: GET, Path: /dictionary/DDDDDDDDDDDDDDDDD, Status: 404, Duration: 232.8µs
2024/01/11 11:15:43 Time: 2024-01-11 11:15:43.9161264 +0100 CET m=+21.498766201, Method: GET, Path: /dictionary/Variables, Status: 200, Duration: 565.1µs
2024/01/11 11:16:00 Time: 2024-01-11 11:16:00.564854 +0100 CET m=+38.147493801, Method: GET, Path: /dictionary/Variables, Status: 401, Duration: 0s
2024/01/11 11:17:11 Time: 2024-01-11 11:17:11.6279034 +0100 CET m=+5.297419101, Method: GET, Path: /dictionary/Variables, Status: 401, Duration: 0s
2024/01/11 11:44:52 Time: 2024-01-11 11:44:52.7741988 +0100 CET m=+1666.443714501, Method: GET, Path: /dictionary/V, Status: 401, Duration: 0s
2024/01/11 11:44:54 Time: 2024-01-11 11:44:54.2272611 +0100 CET m=+1667.896776801, Method: GET, Path: /dictionary/V, Status: 401, Duration: 0s
2024/01/11 11:44:57 Time: 2024-01-11 11:44:57.426352 +0100 CET m=+1671.095867701, Method: GET, Path: /dictionary/V, Status: 404, Duration: 1.0019ms
2024/01/11 11:47:24 Time: 2024-01-11 11:47:24.785566 +0100 CET m=+1818.455081701, Method: DELETE, Path: /dictionary/delete/DDDDDDDDDDDDDDDDDDDDDD, Status: 404, Duration: 0s
2024/01/11 11:48:04 Time: 2024-01-11 11:48:04.0280992 +0100 CET m=+33.979399101, Method: DELETE, Path: /dictionary/delete, Status: 400, Duration: 608.8µs
2024/01/11 11:48:23 Time: 2024-01-11 11:48:23.065415 +0100 CET m=+53.016714901, Method: DELETE, Path: /dictionary/delete, Status: 400, Duration: 95.8µs
2024/01/11 11:49:17 Time: 2024-01-11 11:49:17.6774038 +0100 CET m=+107.628703701, Method: POST, Path: /dictionary/add, Status: 401, Duration: 0s
2024/01/11 11:49:25 Time: 2024-01-11 11:49:25.0422577 +0100 CET m=+114.993557601, Method: POST, Path: /dictionary/add, Status: 400, Duration: 528.3µs
2024/01/11 11:49:55 Time: 2024-01-11 11:49:55.9805605 +0100 CET m=+7.765376201, Method: POST, Path: /dictionary/add, Status: 400, Duration: 529.9µs
2024/01/11 11:50:13 Time: 2024-01-11 11:50:13.2380145 +0100 CET m=+25.022830201, Method: DELETE, Path: /dictionary/delete/huhuhu, Status: 404, Duration: 717µs
2024/01/11 11:50:17 Time: 2024-01-11 11:50:17.2907202 +0100 CET m=+29.075535901, Method: DELETE, Path: /dictionary/delete/h, Status: 404, Duration: 963.1µs
2024/01/11 11:50:36 Time: 2024-01-11 11:50:36.3050799 +0100 CET m=+48.089895601, Method: GET, Path: /dictionary/te, Status: 404, Duration: 0s
2024/01/11 11:50:41 Time: 2024-01-11 11:50:41.2691468 +0100 CET m=+53.053962501, Method: GET, Path: /dictionary, Status: 200, Duration: 437.2µs
2024/01/11 11:50:46 Time: 2024-01-11 11:50:46.3820974 +0100 CET m=+58.166913101, Method: GET, Path: /dictionary, Status: 200, Duration: 342.4µs
2024/01/11 11:50:59 Time: 2024-01-11 11:50:59.1498832 +0100 CET m=+70.934698901, Method: GET, Path: /dictionary/Variables, Status: 200, Duration: 216.1µs
2024/01/11 11:52:33 Time: 2024-01-11 11:52:33.3344056 +0100 CET m=+15.406533501, Method: POST, Path: /dictionary/add, Status: 409, Duration: 526.6µs
2024/01/11 11:52:39 Time: 2024-01-11 11:52:39.0208236 +0100 CET m=+21.092951501, Method: POST, Path: /dictionary/add, Status: 200, Duration: 796.8µs
2024/01/11 11:53:01 Time: 2024-01-11 11:53:01.8978756 +0100 CET m=+43.970003501, Method: POST, Path: /dictionary/add, Status: 400, Duration: 464.8µs
2024/01/11 11:53:07 Time: 2024-01-11 11:53:07.4386256 +0100 CET m=+49.510753501, Method: POST, Path: /dictionary/add, Status: 400, Duration: 0s
2024/01/11 16:01:18 Time: 2024-01-11 16:01:18.3885808 +0100 CET m=+12.157867801, Method: POST, Path: /dictionary/add, Status: 400, Duration: 4.6797ms
2024/01/11 16:01:30 Time: 2024-01-11 16:01:30.5047458 +0100 CET m=+24.274032801, Method: POST, Path: /dictionary/add, Status: 200, Duration: 306.1µs
2024/01/11 16:29:28 Time: 2024-01-11 16:29:28.9900266 +0100 CET m=+15.697081001, Method: GET, Path: /dictionary, Status: 401, Duration: 0s
2024/01/11 16:33:51 Time: 2024-01-11 16:33:51.8368815 +0100 CET m=+12.193593301, Method: GET, Path: /dictionary, Status: 401, Duration: 41.7µs
2024/01/11 16:33:53 Time: 2024-01-11 16:33:53.5256971 +0100 CET m=+13.882408901, Method: GET, Path: /dictionary, Status: 401, Duration: 1.0145ms
2024/01/11 16:33:55 Time: 2024-01-11 16:33:55.6167771 +0100 CET m=+15.973488901, Method: GET, Path: /dictionary, Status: 401, Duration: 821µs
2024/01/11 16:33:59 Time: 2024-01-11 16:33:59.783316 +0100 CET m=+20.140027801, Method: GET, Path: /dictionary/Variables, Status: 200, Duration: 0s
2024/01/11 16:34:03 Time: 2024-01-11 16:34:03.6062777 +0100 CET m=+23.962989501, Method: GET, Path: /dictionary/t, Status: 404, Duration: 917.8µs
2024/01/11 16:34:12 Time: 2024-01-11 16:34:12.9553856 +0100 CET m=+33.312097401, Method: DELETE, Path: /dictionary/delete/test, Status: 404, Duration: 197.6µs
2024/01/11 16:34:27 Time: 2024-01-11 16:34:27.286691 +0100 CET m=+47.643402801, Method: DELETE, Path: /dictionary/delete/testa, Status: 200, Duration: 1.4245ms
